Arguments: 
  /Users/ruihirano/.nodebrew/node/v12.16.3/bin/node /usr/local/Cellar/yarn/1.22.10/libexec/bin/yarn.js init

PATH: 
  /Users/ruihirano/.pyenv/shims:/Users/ruihirano/.pyenv/bin:/Users/ruihirano/google-cloud-sdk/bin:/Users/ruihirano/.nodebrew/current/bin:/Users/ruihirano/.pyenv/shims:/Users/ruihirano/.pyenv/plugins/pyenv-virtualenv/shims:/usr/local/bin:/Users/ruihirano/.pyenv/bin:/usr/local/bin:/usr/bin:/bin:/usr/sbin:/sbin:/Library/TeX/texbin:/opt/X11/bin:/Library/Apple/usr/bin:/Library/Frameworks/Mono.framework/Versions/Current/Commands:/Users/ruihirano/.pyenv/shims:/Users/ruihirano/.pyenv/bin:/Users/ruihirano/google-cloud-sdk/bin:/Users/ruihirano/.nodebrew/current/bin:/Users/ruihirano/.pyenv/plugins/pyenv-virtualenv/shims://Users/ruihirano/go/bin://Users/ruihirano/go/bin

Yarn version: 
  1.22.10

Node version: 
  12.16.3

Platform: 
  darwin x64

Trace: 
  Error: canceled
      at Interface.<anonymous> (/usr/local/Cellar/yarn/1.22.10/libexec/lib/cli.js:137009:13)
      at Interface.emit (events.js:310:20)
      at Interface._ttyWrite (readline.js:893:16)
      at ReadStream.onkeypress (readline.js:198:10)
      at ReadStream.emit (events.js:310:20)
      at emitKeys (internal/readline/utils.js:438:14)
      at emitKeys.next (<anonymous>)
      at ReadStream.onData (readline.js:1160:36)
      at ReadStream.emit (events.js:310:20)
      at addChunk (_stream_readable.js:286:12)

npm manifest: 
  No manifest

yarn manifest: 
  No manifest

Lockfile: 
  No lockfile
